<?xml version="1.0" encoding="UTF-8"?>
<!-- Generated by org.testng.reporters.JUnitReportReporter -->
<testsuite skipped="0" hostname="TL1086" name="com.crm.testcases.TC010_DeactivateContact" tests="2" failures="0" timestamp="2023-09-10T23:47:42 IST" time="47.950" errors="0">
  <testcase name="deactivateContact" time="23.177" classname="com.crm.testcases.TC010_DeactivateContact"/>
  <system-out/>
  <testcase name="deactivateContact" time="24.773" classname="com.crm.testcases.TC010_DeactivateContact"/>
  <system-out/>
</testsuite> <!-- com.crm.testcases.TC010_DeactivateContact -->
