<?xml version="1.0" encoding="UTF-8"?>
<!-- Generated by org.testng.reporters.JUnitReportReporter -->
<testsuite skipped="1" hostname="TL1086" name="com.leafBot.testcases.TC010_DeactivateContact" tests="1" failures="0" timestamp="2023-09-10T11:33:46 IST" time="0.000" errors="0">
  <testcase name="deactivateContact" time="0.000" classname="com.leafBot.testcases.TC010_DeactivateContact">
    <skipped/>
  </testcase> <!-- deactivateContact -->
  <system-out/>
</testsuite> <!-- com.leafBot.testcases.TC010_DeactivateContact -->
