<?xml version="1.0" encoding="UTF-8"?>
<!-- Generated by org.testng.reporters.JUnitReportReporter -->
<testsuite skipped="0" hostname="TL1086" name="com.crm.testcases.TC009_EditContact" tests="2" failures="0" timestamp="2023-09-10T23:47:42 IST" time="45.634" errors="0">
  <testcase name="editContact" time="23.329" classname="com.crm.testcases.TC009_EditContact"/>
  <system-out/>
  <testcase name="editContact" time="22.305" classname="com.crm.testcases.TC009_EditContact"/>
  <system-out/>
</testsuite> <!-- com.crm.testcases.TC009_EditContact -->
