<?xml version="1.0" encoding="UTF-8"?>
<!-- Generated by org.testng.reporters.JUnitReportReporter -->
<testsuite skipped="0" hostname="TL1086" name="com.crm.testcases.TC008_CreateContact" tests="2" failures="0" timestamp="2023-09-10T23:47:42 IST" time="47.169" errors="0">
  <testcase name="createContact" time="25.865" classname="com.crm.testcases.TC008_CreateContact"/>
  <system-out/>
  <testcase name="createContact" time="21.304" classname="com.crm.testcases.TC008_CreateContact"/>
  <system-out/>
</testsuite> <!-- com.crm.testcases.TC008_CreateContact -->
