<?xml version="1.0" encoding="UTF-8"?>
<!-- Generated by org.testng.reporters.JUnitReportReporter -->
<testsuite skipped="0" hostname="TL1086" name="com.leafBot.testcases.TC008_CreateContact" tests="2" failures="0" timestamp="2023-09-10T11:33:46 IST" time="89.300" errors="0">
  <testcase name="createContact" time="52.094" classname="com.leafBot.testcases.TC008_CreateContact"/>
  <system-out/>
  <testcase name="createContact" time="37.206" classname="com.leafBot.testcases.TC008_CreateContact"/>
  <system-out/>
</testsuite> <!-- com.leafBot.testcases.TC008_CreateContact -->
