<?xml version="1.0" encoding="UTF-8"?>
<!-- Generated by org.testng.reporters.JUnitReportReporter -->
<testsuite hostname="TL1086" failures="0" tests="1" name="snippet.WriteExcel" time="2.562" errors="0" timestamp="2023-02-26T10:17:06 IST" skipped="0">
  <testcase classname="snippet.WriteExcel" name="writeData" time="2.562"/>
  <system-out/>
</testsuite> <!-- snippet.WriteExcel -->
