<?xml version="1.0" encoding="UTF-8"?>
<!-- Generated by org.testng.reporters.JUnitReportReporter -->
<testsuite skipped="0" hostname="TL1086" name="runner.Login" tests="1" failures="0" timestamp="2023-09-24T22:07:04 IST" time="5.311" errors="0">
  <testcase name="runScenario" time="5.311" classname="runner.Login"/>
  <system-out/>
</testsuite> <!-- runner.Login -->
