<?xml version="1.0" encoding="UTF-8"?>
<!-- Generated by org.testng.reporters.JUnitReportReporter -->
<testsuite skipped="0" hostname="TL1086" name="testcase.LeafGroundWait" tests="1" failures="0" timestamp="2023-09-20T16:14:23 IST" time="21.646" errors="0">
  <testcase name="runWait" time="21.646" classname="testcase.LeafGroundWait"/>
  <system-out/>
</testsuite> <!-- testcase.LeafGroundWait -->
