<?xml version="1.0" encoding="UTF-8"?>
<!-- Generated by org.testng.reporters.JUnitReportReporter -->
<testsuite hostname="TL1086" failures="0" tests="1" name="testcase.CreateIndividuals" time="40.475" errors="0" timestamp="2023-08-30T01:44:32 IST" skipped="0">
  <testcase classname="testcase.CreateIndividuals" name="runCreate" time="40.475"/>
  <system-out/>
</testsuite> <!-- testcase.CreateIndividuals -->
