<?xml version="1.0" encoding="UTF-8"?>
<!-- Generated by org.testng.reporters.JUnitReportReporter -->
<testsuite skipped="0" hostname="TL1086" name="snippet.LearnRegularExpression" tests="1" failures="0" timestamp="2023-10-11T17:45:57 IST" time="0.010" errors="0">
  <testcase name="runTC" time="0.010" classname="snippet.LearnRegularExpression"/>
  <system-out/>
</testsuite> <!-- snippet.LearnRegularExpression -->
