<?xml version="1.0" encoding="UTF-8"?>
<!-- Generated by org.testng.reporters.JUnitReportReporter -->
<testsuite hostname="TL1086" failures="0" tests="1" name="snippet.LearnGrid" time="8.467" errors="0" timestamp="2023-07-11T17:55:58 IST" skipped="0">
  <testcase classname="snippet.LearnGrid" name="loginLeaftaps" time="8.467"/>
  <system-out/>
</testsuite> <!-- snippet.LearnGrid -->
