<?xml version="1.0" encoding="UTF-8"?>
<!-- Generated by org.testng.reporters.JUnitReportReporter -->
<testsuite skipped="0" hostname="TL1086" name="marathon.ServiceNowMobileOrdering" tests="1" failures="0" timestamp="2023-08-29T23:28:22 IST" time="77.455" errors="0">
  <testcase name="runSN" time="77.455" classname="marathon.ServiceNowMobileOrdering"/>
  <system-out/>
</testsuite> <!-- marathon.ServiceNowMobileOrdering -->
